func_80018C24
func_800264BC
func_8002BC40
func_8002D500
func_8002D510
func_8003E690
func_800463E8
func_80047D88
func_80053A0C
func_80056078
func_80056ACC
func_80056F1C
func_800579D0
func_80057B38
func_80057CB4
func_800598F0
func_8005B4E8
func_8005B9C8
func_8005E890
func_80061274
func_8006807C
func_800688A0
func_80068964
func_8006B528
func_8006C1F0
func_8006C74C
func_8006F268
func_8006F768
func_8006FCB0
func_80076E00
func_800828D0
func_80082C20
func_800832D8
func_800839A8
func_80083FE8
func_80084694
func_80084B60
func_80086B90
func_80087154
func_8008733C
func_80088550
func_80088AB0
func_800890F4
func_80089560
func_80089888
func_8008A10C
func_8008A1BC
func_8008A26C
func_8008A314
func_8008A3B4
func_8008A480
func_8008A6D4
func_8008A794
func_8008AE00
func_8008B200
func_8008B5F4
func_8008C208
func_8008C810
func_8008CC14
func_8008CFFC
func_8008D368
func_8008DB8C
func_8008E9E8
func_8008EA70
func_8008F014
func_8008F280
func_800900C0
func_800900E4
func_80090384
func_800904B8
func_80090564
func_800906E4
func_80090738
func_800907A0
func_80090908
func_80090A38
func_80090B90
func_80090D9C
func_80090DDC
func_80090EC4
func_80090FAC
func_80091128
func_80091244
func_8009126C
func_80091294
func_800912E8
func_800914F0
func_80091584
func_8009158C
func_80091748
func_80091908
func_80091C0C
func_80091C48
func_80091CB4
func_80091DF4
func_80091F1C
func_80091F50
func_80092014
func_800920AC
func_80092170
func_800922C0
func_80092554
func_800927B0
func_80092960
func_80092A50
func_80092B20
func_80092B9C
func_80092D58
func_80092DE0
func_80093048
func_800933B4
func_8009340C
func_80093580
func_80093680
func_800936DC
func_800939AC
func_80093A98
func_80093C7C
func_80093EEC
func_80094054
func_800940D8
func_800942F0
func_80094424
func_800944DC
func_80094548
func_8009454C
func_800945E0
func_8009477C
func_80094850
func_800948F0
func_80094A9C
func_80094AE4
func_80094C2C
func_80094D98
func_80094E74
func_800950C4
func_8009521C
func_80095274
func_800952CC
func_80095310
func_800953F4
func_800954E0
func_80095708
func_80095884
func_8009596C
func_80095AB4
func_80095C04
func_80095C20
func_80095CC8
func_80095EB0
func_80095FC8
func_800960B8
func_80096210
func_80096314
func_800964D0
func_80096790
func_800968C8
func_800969E8
func_80096A20
func_80096B14
func_80096BB8
func_80096C48
func_80096CC0
func_80096D8C
func_80096E34
func_80096F00
func_80096FE8
func_80097064
func_80097104
func_80097184
func_80097378
func_80097614
func_8009775C
func_80097778
func_80097794
func_800977B0
func_800977CC
func_800977E8
func_80097804
func_80097820
func_8009786C
func_8009791C
func_800979CC
func_80097B6C
func_80097BB4
func_80097BE0
func_80097DDC
func_80097E1C
func_80097E34
func_80097EF4
func_80097FCC
func_80097FFC
func_80098060
func_8009815C
func_80098220
func_800982C0
func_800983D0
func_800984C8
func_80098514
